13-11-18 13:51:23 - cmdtweetpy - INFO - Mensaje a vida por la verdad Se cumplen 9 años del brutal asesinato de Danilo Anderson, el Fiscal Valiente #trop  de p.daniela45@yahoo.com, enviado
13-11-18 13:53:49 - cmdtweetpy - INFO - Mensaje ctivando l...  de p.daniela45@yahoo.com, enviado
13-11-18 13:54:45 - cmdtweetpy - INFO - Mensaje Prueba de e...  de p.daniela45@yahoo.com, enviado
13-11-18 13:58:24 - cmdtweetpy - INFO - Mensaje 1,2,3 probando  de p.daniela45@yahoo.com, enviado
13-11-18 14:26:41 - cmdtweetpy - INFO - Mensaje 1,2,3 proba...  de p.daniela45@yahoo.com, enviado
13-11-18 14:32:43 - cmdtweetpy - INFO - Mensaje "#TROPA. ap...  de NARIAPEREZ, enviado
13-11-18 14:32:46 - cmdtweetpy - INFO - Mensaje "#TROPA. ap...  de JosueR36, enviado
13-11-18 14:32:55 - cmdtweetpy - INFO - Mensaje "#TROPA. ap...  de MARIELAO83, enviado
13-11-18 14:32:59 - cmdtweetpy - INFO - Mensaje "#TROPA. ap...  de pgonzalez357, enviado
13-11-18 14:33:01 - cmdtweetpy - INFO - Mensaje "#TROPA. ap...  de lvivas49, enviado
13-11-18 14:33:04 - cmdtweetpy - INFO - Mensaje "#TROPA. ap...  de lvalero59, enviado
13-11-18 14:33:07 - cmdtweetpy - INFO - Mensaje "#TROPA. ap...  de luisrojas829, enviado
13-11-18 14:38:15 - cmdtweetpy - INFO - Mensaje "#TROPA. Ac...  de NARIAPEREZ, enviado
13-11-18 14:38:39 - cmdtweetpy - INFO - Mensaje "#TROPA. Ac...  de JosueR36, enviado
13-11-18 14:38:44 - cmdtweetpy - INFO - Mensaje "#TROPA. Ac...  de MARIELAO83, enviado
13-11-18 14:38:47 - cmdtweetpy - INFO - Mensaje "#TROPA. Ac...  de pgonzalez357, enviado
13-11-18 14:38:51 - cmdtweetpy - INFO - Mensaje "#TROPA. Ac...  de lvivas49, enviado
13-11-18 14:39:01 - cmdtweetpy - INFO - Mensaje "#TROPA. Ac...  de lvalero59, enviado
13-11-18 14:39:05 - cmdtweetpy - INFO - Mensaje "#TROPA. Ac...  de luisrojas829, enviado
13-11-18 14:39:09 - cmdtweetpy - INFO - Mensaje "#TROPA. Ac...  de luiszerpa620, enviado
13-11-18 14:39:12 - cmdtweetpy - INFO - Mensaje "#TROPA. Ac...  de ramirezkarla30@gmail.com, enviado
13-11-18 14:39:16 - cmdtweetpy - INFO - Mensaje "#TROPA. Ac...  de alejandronaranjo2013@yahoo.com, enviado
13-11-18 14:39:20 - cmdtweetpy - INFO - Mensaje "#TROPA. Ac...  de mendoza_jorge78@yahoo.com, enviado
13-11-18 14:39:24 - cmdtweetpy - INFO - Mensaje "#TROPA. Ac...  de ernesto.villamizar@yahoo.com, enviado
13-11-18 14:43:42 - cmdtweetpy - INFO - Mensaje "Buen dia #...  de NARIAPEREZ, enviado
13-11-18 14:43:44 - cmdtweetpy - INFO - Mensaje "Buen dia #...  de JosueR36, enviado
13-11-18 14:43:46 - cmdtweetpy - INFO - Mensaje "Buen dia #...  de MARIELAO83, enviado
13-11-18 14:43:49 - cmdtweetpy - INFO - Mensaje "Buen dia #...  de pgonzalez357, enviado
13-11-18 14:43:55 - cmdtweetpy - INFO - Mensaje "Buen dia #...  de lvivas49, enviado
13-11-18 14:43:57 - cmdtweetpy - INFO - Mensaje "Buen dia #...  de lvalero59, enviado
13-11-18 14:43:58 - cmdtweetpy - INFO - Mensaje "Buen dia #...  de luisrojas829, enviado
13-11-18 14:44:01 - cmdtweetpy - INFO - Mensaje "Buen dia #...  de luiszerpa620, enviado
13-11-18 14:44:02 - cmdtweetpy - INFO - Mensaje "Buen dia #...  de ramirezkarla30@gmail.com, enviado
13-11-18 14:44:11 - cmdtweetpy - INFO - Mensaje "Buen dia #...  de alejandronaranjo2013@yahoo.com, enviado
13-11-18 14:44:13 - cmdtweetpy - INFO - Mensaje "Buen dia #...  de mendoza_jorge78@yahoo.com, enviado
13-11-18 14:44:14 - cmdtweetpy - INFO - Mensaje "Buen dia #...  de ernesto.villamizar@yahoo.com, enviado
13-11-18 14:44:21 - cmdtweetpy - INFO - Mensaje "Buen dia #...  de p.daniela45@yahoo.com, enviado
13-11-18 14:53:46 - cmdtweetpy - INFO - Mensaje "#TROPA hay...  de NARIAPEREZ, enviado
13-11-18 14:53:49 - cmdtweetpy - INFO - Mensaje "#TROPA hay...  de JosueR36, enviado
13-11-18 14:53:53 - cmdtweetpy - INFO - Mensaje "#TROPA hay...  de MARIELAO83, enviado
13-11-18 14:53:56 - cmdtweetpy - INFO - Mensaje "#TROPA hay...  de pgonzalez357, enviado
13-11-18 14:54:00 - cmdtweetpy - INFO - Mensaje "#TROPA hay...  de lvivas49, enviado
13-11-18 14:54:03 - cmdtweetpy - INFO - Mensaje "#TROPA hay...  de lvalero59, enviado
13-11-18 14:54:07 - cmdtweetpy - INFO - Mensaje "#TROPA hay...  de luisrojas829, enviado
13-11-18 14:54:13 - cmdtweetpy - INFO - Mensaje "#TROPA hay...  de luiszerpa620, enviado
13-11-18 14:54:16 - cmdtweetpy - INFO - Mensaje "#TROPA hay...  de ramirezkarla30@gmail.com, enviado
13-11-18 14:54:20 - cmdtweetpy - INFO - Mensaje "#TROPA hay...  de alejandronaranjo2013@yahoo.com, enviado
13-11-18 14:54:24 - cmdtweetpy - INFO - Mensaje "#TROPA hay...  de mendoza_jorge78@yahoo.com, enviado
13-11-18 14:54:27 - cmdtweetpy - INFO - Mensaje "#TROPA hay...  de ernesto.villamizar@yahoo.com, enviado
13-11-18 14:54:30 - cmdtweetpy - INFO - Mensaje "#TROPA hay...  de p.daniela45@yahoo.com, enviado
